Start testing: May 24 12:35 CST
----------------------------------------------------------
1/10 Testing: 20-bit-perfect-44100-192000
1/10 Test: 20-bit-perfect-44100-192000
Command: "/usr/local/Cellar/cmake/3.16.4/bin/cmake" "-Dbits=20" "-DBIN=./" "-DEXAMPLES_BIN=../examples/" "-DlenToSkip=1" "-Dorate=192000" "-Dirate=44100" "-Dlen=16" "-P" "/Users/xingquan.hf/Code/github/fork/videoconverter.js/build/soxr/tests/cmp-test.cmake"
Directory: /Users/xingquan.hf/Code/github/fork/videoconverter.js/build/soxr/Release/tests
"20-bit-perfect-44100-192000" start time: May 24 12:35 CST
Output:
----------------------------------------------------------
-- 20.554985

<end of output>
Test time =   0.99 sec
----------------------------------------------------------
Test Passed.
"20-bit-perfect-44100-192000" end time: May 24 12:35 CST
"20-bit-perfect-44100-192000" time elapsed: 00:00:00
----------------------------------------------------------

2/10 Testing: 20-bit-perfect-192000-44100
2/10 Test: 20-bit-perfect-192000-44100
Command: "/usr/local/Cellar/cmake/3.16.4/bin/cmake" "-Dbits=20" "-DBIN=./" "-DEXAMPLES_BIN=../examples/" "-DlenToSkip=1" "-Dorate=44100" "-Dirate=192000" "-Dlen=16" "-P" "/Users/xingquan.hf/Code/github/fork/videoconverter.js/build/soxr/tests/cmp-test.cmake"
Directory: /Users/xingquan.hf/Code/github/fork/videoconverter.js/build/soxr/Release/tests
"20-bit-perfect-192000-44100" start time: May 24 12:35 CST
Output:
----------------------------------------------------------
-- 21.030613

<end of output>
Test time =   0.12 sec
----------------------------------------------------------
Test Passed.
"20-bit-perfect-192000-44100" end time: May 24 12:35 CST
"20-bit-perfect-192000-44100" time elapsed: 00:00:00
----------------------------------------------------------

3/10 Testing: 20-bit-perfect-44100-65537
3/10 Test: 20-bit-perfect-44100-65537
Command: "/usr/local/Cellar/cmake/3.16.4/bin/cmake" "-Dbits=20" "-DBIN=./" "-DEXAMPLES_BIN=../examples/" "-DlenToSkip=1" "-Dorate=65537" "-Dirate=44100" "-Dlen=16" "-P" "/Users/xingquan.hf/Code/github/fork/videoconverter.js/build/soxr/tests/cmp-test.cmake"
Directory: /Users/xingquan.hf/Code/github/fork/videoconverter.js/build/soxr/Release/tests
"20-bit-perfect-44100-65537" start time: May 24 12:35 CST
Output:
----------------------------------------------------------
-- 20.981800

<end of output>
Test time =   0.17 sec
----------------------------------------------------------
Test Passed.
"20-bit-perfect-44100-65537" end time: May 24 12:35 CST
"20-bit-perfect-44100-65537" time elapsed: 00:00:00
----------------------------------------------------------

4/10 Testing: 20-bit-perfect-65537-44100
4/10 Test: 20-bit-perfect-65537-44100
Command: "/usr/local/Cellar/cmake/3.16.4/bin/cmake" "-Dbits=20" "-DBIN=./" "-DEXAMPLES_BIN=../examples/" "-DlenToSkip=1" "-Dorate=44100" "-Dirate=65537" "-Dlen=16" "-P" "/Users/xingquan.hf/Code/github/fork/videoconverter.js/build/soxr/tests/cmp-test.cmake"
Directory: /Users/xingquan.hf/Code/github/fork/videoconverter.js/build/soxr/Release/tests
"20-bit-perfect-65537-44100" start time: May 24 12:35 CST
Output:
----------------------------------------------------------
-- 20.843285

<end of output>
Test time =   0.13 sec
----------------------------------------------------------
Test Passed.
"20-bit-perfect-65537-44100" end time: May 24 12:35 CST
"20-bit-perfect-65537-44100" time elapsed: 00:00:00
----------------------------------------------------------

5/10 Testing: 28-bit-perfect-44100-192000
5/10 Test: 28-bit-perfect-44100-192000
Command: "/usr/local/Cellar/cmake/3.16.4/bin/cmake" "-Dbits=28" "-DBIN=./" "-DEXAMPLES_BIN=../examples/" "-DlenToSkip=1" "-Dorate=192000" "-Dirate=44100" "-Dlen=16" "-P" "/Users/xingquan.hf/Code/github/fork/videoconverter.js/build/soxr/tests/cmp-test.cmake"
Directory: /Users/xingquan.hf/Code/github/fork/videoconverter.js/build/soxr/Release/tests
"28-bit-perfect-44100-192000" start time: May 24 12:35 CST
Output:
----------------------------------------------------------
-- 29.415037

<end of output>
Test time =   0.38 sec
----------------------------------------------------------
Test Passed.
"28-bit-perfect-44100-192000" end time: May 24 12:35 CST
"28-bit-perfect-44100-192000" time elapsed: 00:00:00
----------------------------------------------------------

6/10 Testing: 28-bit-perfect-192000-44100
6/10 Test: 28-bit-perfect-192000-44100
Command: "/usr/local/Cellar/cmake/3.16.4/bin/cmake" "-Dbits=28" "-DBIN=./" "-DEXAMPLES_BIN=../examples/" "-DlenToSkip=1" "-Dorate=44100" "-Dirate=192000" "-Dlen=16" "-P" "/Users/xingquan.hf/Code/github/fork/videoconverter.js/build/soxr/tests/cmp-test.cmake"
Directory: /Users/xingquan.hf/Code/github/fork/videoconverter.js/build/soxr/Release/tests
"28-bit-perfect-192000-44100" start time: May 24 12:35 CST
Output:
----------------------------------------------------------
-- 30.000000

<end of output>
Test time =   0.13 sec
----------------------------------------------------------
Test Passed.
"28-bit-perfect-192000-44100" end time: May 24 12:35 CST
"28-bit-perfect-192000-44100" time elapsed: 00:00:00
----------------------------------------------------------

7/10 Testing: 28-bit-perfect-44100-65537
7/10 Test: 28-bit-perfect-44100-65537
Command: "/usr/local/Cellar/cmake/3.16.4/bin/cmake" "-Dbits=28" "-DBIN=./" "-DEXAMPLES_BIN=../examples/" "-DlenToSkip=1" "-Dorate=65537" "-Dirate=44100" "-Dlen=16" "-P" "/Users/xingquan.hf/Code/github/fork/videoconverter.js/build/soxr/tests/cmp-test.cmake"
Directory: /Users/xingquan.hf/Code/github/fork/videoconverter.js/build/soxr/Release/tests
"28-bit-perfect-44100-65537" start time: May 24 12:35 CST
Output:
----------------------------------------------------------
-- 29.415037

<end of output>
Test time =   0.17 sec
----------------------------------------------------------
Test Passed.
"28-bit-perfect-44100-65537" end time: May 24 12:35 CST
"28-bit-perfect-44100-65537" time elapsed: 00:00:00
----------------------------------------------------------

8/10 Testing: 28-bit-perfect-65537-44100
8/10 Test: 28-bit-perfect-65537-44100
Command: "/usr/local/Cellar/cmake/3.16.4/bin/cmake" "-Dbits=28" "-DBIN=./" "-DEXAMPLES_BIN=../examples/" "-DlenToSkip=1" "-Dorate=44100" "-Dirate=65537" "-Dlen=16" "-P" "/Users/xingquan.hf/Code/github/fork/videoconverter.js/build/soxr/tests/cmp-test.cmake"
Directory: /Users/xingquan.hf/Code/github/fork/videoconverter.js/build/soxr/Release/tests
"28-bit-perfect-65537-44100" start time: May 24 12:35 CST
Output:
----------------------------------------------------------
-- 30.000000

<end of output>
Test time =   0.12 sec
----------------------------------------------------------
Test Passed.
"28-bit-perfect-65537-44100" end time: May 24 12:35 CST
"28-bit-perfect-65537-44100" time elapsed: 00:00:00
----------------------------------------------------------

9/10 Testing: 1-delay-clear
9/10 Test: 1-delay-clear
Command: "/Users/xingquan.hf/Code/github/fork/videoconverter.js/build/soxr/Release/tests/1-delay-clear"
Directory: /Users/xingquan.hf/Code/github/fork/videoconverter.js/build/soxr/Release/tests
"1-delay-clear" start time: May 24 12:35 CST
Output:
----------------------------------------------------------
 9599  4410     0
    0   729  3681
    0   629  3781
    0   529  3881
    0   429  3981
    0   329  4081
    0   229  4181
    0   129  4281
    0    29  4381
    0     0  4410
 9599  4410     0
    0   729  3681
    0   629  3781
    0   529  3881
    0   429  3981
    0   329  4081
    0   229  4181
    0   129  4281
    0    29  4381
    0     0  4410
<end of output>
Test time =   0.28 sec
----------------------------------------------------------
Test Passed.
"1-delay-clear" end time: May 24 12:35 CST
"1-delay-clear" time elapsed: 00:00:00
----------------------------------------------------------

10/10 Testing: lsr-bindings
10/10 Test: lsr-bindings
Command: "/Users/xingquan.hf/Code/github/fork/videoconverter.js/build/soxr/Release/examples/1a-lsr"
Directory: /Users/xingquan.hf/Code/github/fork/videoconverter.js/build/soxr/Release/examples
"lsr-bindings" start time: May 24 12:35 CST
Output:
----------------------------------------------------------
 0.09  0.57  0.92  0.75  0.07 -0.71 -1.05 -0.73
 0.03  0.73  0.99  0.69 -0.00 -0.69 -0.99 -0.71
-0.01  0.71  1.01  0.71 -0.00 -0.71 -1.00 -0.70
 0.00  0.71  1.00  0.71  0.00 -0.71 -1.00 -0.71
 0.00  0.71  1.00  0.71 -0.00 -0.71 -1.00 -0.71
-0.00  0.71  1.00  0.71  0.00 -0.71 -1.00 -0.71
-0.00  0.71  1.00  0.71  0.00 -0.71 -1.00 -0.71
 0.00  0.71  1.00  0.71  0.00 -0.71 -1.00 -0.71
-0.00  0.71  1.00  0.71 -0.00 -0.71 -1.00 -0.71
-0.00  0.70  1.00  0.71  0.00 -0.71 -1.01 -0.71
 0.01  0.71  0.99  0.69  0.00 -0.69 -0.99 -0.73
-0.03  0.73  1.05  0.71 -0.07 -0.75 -0.92 -0.57
/Users/xingquan.hf/Code/github/fork/videoconverter.js/build/soxr/Release/examples/1a-lsr no error
<end of output>
Test time =   0.54 sec
----------------------------------------------------------
Test Passed.
"lsr-bindings" end time: May 24 12:35 CST
"lsr-bindings" time elapsed: 00:00:00
----------------------------------------------------------

End testing: May 24 12:35 CST
